\BOOKMARK [0][-]{chapter.1}{\376\377\000D\000a\000t\000a\000\040\000S\000t\000r\000u\000c\000t\000u\000r\000e\000\040\000I\000n\000d\000e\000x}{}
\BOOKMARK [1][-]{section.1.1}{\376\377\000D\000a\000t\000a\000\040\000S\000t\000r\000u\000c\000t\000u\000r\000e\000s}{chapter.1}
\BOOKMARK [0][-]{chapter.2}{\376\377\000F\000i\000l\000e\000\040\000I\000n\000d\000e\000x}{}
\BOOKMARK [1][-]{section.2.1}{\376\377\000F\000i\000l\000e\000\040\000L\000i\000s\000t}{chapter.2}
\BOOKMARK [0][-]{chapter.3}{\376\377\000D\000a\000t\000a\000\040\000S\000t\000r\000u\000c\000t\000u\000r\000e\000\040\000D\000o\000c\000u\000m\000e\000n\000t\000a\000t\000i\000o\000n}{}
\BOOKMARK [1][-]{section.3.1}{\376\377\000g\000e\000n\000c\000u\000r\000v\000e\000f\000i\000t\000O\000p\000t\000i\000o\000n\000s\000\040\000S\000t\000r\000u\000c\000t\000\040\000R\000e\000f\000e\000r\000e\000n\000c\000e}{chapter.3}
\BOOKMARK [2][-]{subsection.3.1.1}{\376\377\000F\000i\000e\000l\000d\000\040\000D\000o\000c\000u\000m\000e\000n\000t\000a\000t\000i\000o\000n}{section.3.1}
\BOOKMARK [3][-]{subsubsection.3.1.1.1}{\376\377\000i\000t\000e\000r\000a\000t\000i\000o\000n\000s}{subsection.3.1.1}
\BOOKMARK [3][-]{subsubsection.3.1.1.2}{\376\377\000k\000\137\000m}{subsection.3.1.1}
\BOOKMARK [3][-]{subsubsection.3.1.1.3}{\376\377\000p\000o\000p\000s\000i\000z\000e\000M\000u\000l\000t\000i\000p\000l\000i\000e\000r}{subsection.3.1.1}
\BOOKMARK [3][-]{subsubsection.3.1.1.4}{\376\377\000r\000e\000c\000o\000m\000b}{subsection.3.1.1}
\BOOKMARK [3][-]{subsubsection.3.1.1.5}{\376\377\000s\000e\000e\000d}{subsection.3.1.1}
\BOOKMARK [3][-]{subsubsection.3.1.1.6}{\376\377\000s\000t\000r\000a\000t\000e\000g\000y}{subsection.3.1.1}
\BOOKMARK [3][-]{subsubsection.3.1.1.7}{\376\377\000t\000e\000m\000p}{subsection.3.1.1}
\BOOKMARK [3][-]{subsubsection.3.1.1.8}{\376\377\000t\000o\000l\000e\000r\000a\000n\000c\000e}{subsection.3.1.1}
\BOOKMARK [3][-]{subsubsection.3.1.1.9}{\376\377\000u\000p\000d\000a\000t\000e\000f\000r\000e\000q\000u\000e\000n\000c\000y}{subsection.3.1.1}
\BOOKMARK [3][-]{subsubsection.3.1.1.10}{\376\377\000u\000p\000d\000a\000t\000e\000f\000u\000n}{subsection.3.1.1}
\BOOKMARK [3][-]{subsubsection.3.1.1.11}{\376\377\000u\000s\000e\000i\000n\000i\000t\000i\000a\000l\000g\000u\000e\000s\000s\000e\000s}{subsection.3.1.1}
\BOOKMARK [1][-]{section.3.2}{\376\377\000m\000t\0001\0009\0009\0003\0007\000p\000\040\000S\000t\000r\000u\000c\000t\000\040\000R\000e\000f\000e\000r\000e\000n\000c\000e}{chapter.3}
\BOOKMARK [2][-]{subsection.3.2.1}{\376\377\000F\000i\000e\000l\000d\000\040\000D\000o\000c\000u\000m\000e\000n\000t\000a\000t\000i\000o\000n}{section.3.2}
\BOOKMARK [3][-]{subsubsection.3.2.1.1}{\376\377\000m\000a\000g\0000\0001}{subsection.3.2.1}
\BOOKMARK [3][-]{subsubsection.3.2.1.2}{\376\377\000m\000t}{subsection.3.2.1}
\BOOKMARK [3][-]{subsubsection.3.2.1.3}{\376\377\000m\000t\000i}{subsection.3.2.1}
\BOOKMARK [0][-]{chapter.4}{\376\377\000F\000i\000l\000e\000\040\000D\000o\000c\000u\000m\000e\000n\000t\000a\000t\000i\000o\000n}{}
\BOOKMARK [1][-]{section.4.1}{\376\377\000/\000U\000s\000e\000r\000s\000/\000a\000n\000d\000r\000e\000w\000/\000D\000o\000c\000u\000m\000e\000n\000t\000s\000/\000A\000n\000d\000y\000/\000p\000r\000o\000g\000r\000a\000m\000m\000i\000n\000g\000/\000l\000i\000b\000g\000e\000n\000c\000u\000r\000v\000e\000f\000i\000t\000/\000s\000r\000c\000/\000e\000r\000r\000o\000r\000E\000s\000t\000i\000m\000a\000t\000i\000o\000n\000.\000c\000\040\000F\000i\000l\000e\000\040\000R\000e\000f\000e\000r\000e\000n\000c\000e}{chapter.4}
\BOOKMARK [2][-]{subsection.4.1.1}{\376\377\000D\000e\000f\000i\000n\000e\000\040\000D\000o\000c\000u\000m\000e\000n\000t\000a\000t\000i\000o\000n}{section.4.1}
\BOOKMARK [3][-]{subsubsection.4.1.1.1}{\376\377\000T\000I\000N\000Y}{subsection.4.1.1}
\BOOKMARK [2][-]{subsection.4.1.2}{\376\377\000F\000u\000n\000c\000t\000i\000o\000n\000\040\000D\000o\000c\000u\000m\000e\000n\000t\000a\000t\000i\000o\000n}{section.4.1}
\BOOKMARK [3][-]{subsubsection.4.1.2.1}{\376\377\000g\000e\000t\000C\000o\000v\000a\000r\000i\000a\000n\000c\000e\000M\000a\000t\000r\000i\000x}{subsection.4.1.2}
\BOOKMARK [1][-]{section.4.2}{\376\377\000/\000U\000s\000e\000r\000s\000/\000a\000n\000d\000r\000e\000w\000/\000D\000o\000c\000u\000m\000e\000n\000t\000s\000/\000A\000n\000d\000y\000/\000p\000r\000o\000g\000r\000a\000m\000m\000i\000n\000g\000/\000l\000i\000b\000g\000e\000n\000c\000u\000r\000v\000e\000f\000i\000t\000/\000s\000r\000c\000/\000g\000e\000n\000c\000u\000r\000v\000e\000f\000i\000t\000.\000c\000\040\000F\000i\000l\000e\000\040\000R\000e\000f\000e\000r\000e\000n\000c\000e}{chapter.4}
\BOOKMARK [2][-]{subsection.4.2.1}{\376\377\000T\000y\000p\000e\000d\000e\000f\000\040\000D\000o\000c\000u\000m\000e\000n\000t\000a\000t\000i\000o\000n}{section.4.2}
\BOOKMARK [3][-]{subsubsection.4.2.1.1}{\376\377\000g\000e\000n\000o\000p\000t\000S\000t\000r\000u\000c\000t}{subsection.4.2.1}
\BOOKMARK [3][-]{subsubsection.4.2.1.2}{\376\377\000w\000a\000v\000e\000S\000t\000a\000t\000s}{subsection.4.2.1}
\BOOKMARK [2][-]{subsection.4.2.2}{\376\377\000F\000u\000n\000c\000t\000i\000o\000n\000\040\000D\000o\000c\000u\000m\000e\000n\000t\000a\000t\000i\000o\000n}{section.4.2}
\BOOKMARK [3][-]{subsubsection.4.2.2.1}{\376\377\000c\000h\000i\000s\000q\000u\000a\000r\000e\000d}{subsection.4.2.2}
\BOOKMARK [3][-]{subsubsection.4.2.2.2}{\376\377\000g\000e\000n\000e\000t\000i\000c\000\137\000o\000p\000t\000i\000m\000i\000s\000a\000t\000i\000o\000n}{subsection.4.2.2}
\BOOKMARK [3][-]{subsubsection.4.2.2.3}{\376\377\000g\000n\000o\000i\000s\000e}{subsection.4.2.2}
\BOOKMARK [3][-]{subsubsection.4.2.2.4}{\376\377\000m\000a\000l\000l\000o\000c\0002\000d}{subsection.4.2.2}
\BOOKMARK [3][-]{subsubsection.4.2.2.5}{\376\377\000r\000o\000b\000u\000s\000t}{subsection.4.2.2}
\BOOKMARK [1][-]{section.4.3}{\376\377\000/\000U\000s\000e\000r\000s\000/\000a\000n\000d\000r\000e\000w\000/\000D\000o\000c\000u\000m\000e\000n\000t\000s\000/\000A\000n\000d\000y\000/\000p\000r\000o\000g\000r\000a\000m\000m\000i\000n\000g\000/\000l\000i\000b\000g\000e\000n\000c\000u\000r\000v\000e\000f\000i\000t\000/\000s\000r\000c\000/\000g\000e\000n\000c\000u\000r\000v\000e\000f\000i\000t\000.\000h\000\040\000F\000i\000l\000e\000\040\000R\000e\000f\000e\000r\000e\000n\000c\000e}{chapter.4}
\BOOKMARK [2][-]{subsection.4.3.1}{\376\377\000D\000e\000f\000i\000n\000e\000\040\000D\000o\000c\000u\000m\000e\000n\000t\000a\000t\000i\000o\000n}{section.4.3}
\BOOKMARK [3][-]{subsubsection.4.3.1.1}{\376\377\000C\000O\000E\000F\000S\000\137\000M\000U\000S\000T\000\137\000B\000E\000\137\000W\000I\000T\000H\000I\000N\000\137\000L\000I\000M\000I\000T\000S}{subsection.4.3.1}
\BOOKMARK [3][-]{subsubsection.4.3.1.2}{\376\377\000H\000O\000L\000D\000V\000E\000C\000T\000O\000R\000\137\000C\000O\000E\000F\000S\000\137\000M\000I\000S\000M\000A\000T\000C\000H}{subsection.4.3.1}
\BOOKMARK [3][-]{subsubsection.4.3.1.3}{\376\377\000I\000N\000C\000O\000R\000R\000E\000C\000T\000\137\000L\000I\000M\000I\000T\000S}{subsection.4.3.1}
\BOOKMARK [3][-]{subsubsection.4.3.1.4}{\376\377\000N\000O\000\137\000M\000E\000M\000O\000R\000Y}{subsection.4.3.1}
\BOOKMARK [3][-]{subsubsection.4.3.1.5}{\376\377\000N\000O\000\137\000V\000A\000R\000Y\000I\000N\000G\000\137\000P\000A\000R\000A\000M\000S}{subsection.4.3.1}
\BOOKMARK [3][-]{subsubsection.4.3.1.6}{\376\377\000P\000I}{subsection.4.3.1}
\BOOKMARK [3][-]{subsubsection.4.3.1.7}{\376\377\000P\000R\000O\000B\000L\000E\000M\000\137\000C\000A\000L\000C\000U\000L\000A\000T\000I\000N\000G\000\137\000C\000O\000V\000A\000R\000I\000A\000N\000C\000E}{subsection.4.3.1}
\BOOKMARK [3][-]{subsubsection.4.3.1.8}{\376\377\000W\000R\000O\000N\000G\000\137\000N\000U\000M\000B\000E\000R\000\137\000O\000F\000\137\000P\000A\000R\000A\000M\000S}{subsection.4.3.1}
\BOOKMARK [2][-]{subsection.4.3.2}{\376\377\000T\000y\000p\000e\000d\000e\000f\000\040\000D\000o\000c\000u\000m\000e\000n\000t\000a\000t\000i\000o\000n}{section.4.3}
\BOOKMARK [3][-]{subsubsection.4.3.2.1}{\376\377\000c\000o\000s\000t\000f\000u\000n\000c\000t\000i\000o\000n}{subsection.4.3.2}
\BOOKMARK [3][-]{subsubsection.4.3.2.2}{\376\377\000f\000i\000t\000f\000u\000n\000c\000t\000i\000o\000n}{subsection.4.3.2}
\BOOKMARK [3][-]{subsubsection.4.3.2.3}{\376\377\000g\000e\000n\000c\000u\000r\000v\000e\000f\000i\000t\000O\000p\000t\000i\000o\000n\000s}{subsection.4.3.2}
\BOOKMARK [3][-]{subsubsection.4.3.2.4}{\376\377\000u\000p\000d\000a\000t\000e\000f\000u\000n\000c\000t\000i\000o\000n}{subsection.4.3.2}
\BOOKMARK [2][-]{subsection.4.3.3}{\376\377\000F\000u\000n\000c\000t\000i\000o\000n\000\040\000D\000o\000c\000u\000m\000e\000n\000t\000a\000t\000i\000o\000n}{section.4.3}
\BOOKMARK [3][-]{subsubsection.4.3.3.1}{\376\377\000c\000h\000i\000s\000q\000u\000a\000r\000e\000d}{subsection.4.3.3}
\BOOKMARK [3][-]{subsubsection.4.3.3.2}{\376\377\000g\000e\000n\000e\000t\000i\000c\000\137\000o\000p\000t\000i\000m\000i\000s\000a\000t\000i\000o\000n}{subsection.4.3.3}
\BOOKMARK [3][-]{subsubsection.4.3.3.3}{\376\377\000g\000e\000t\000C\000o\000v\000a\000r\000i\000a\000n\000c\000e\000M\000a\000t\000r\000i\000x}{subsection.4.3.3}
\BOOKMARK [3][-]{subsubsection.4.3.3.4}{\376\377\000m\000a\000l\000l\000o\000c\0002\000d}{subsection.4.3.3}
\BOOKMARK [3][-]{subsubsection.4.3.3.5}{\376\377\000r\000o\000b\000u\000s\000t}{subsection.4.3.3}
\BOOKMARK [1][-]{section.4.4}{\376\377\000/\000U\000s\000e\000r\000s\000/\000a\000n\000d\000r\000e\000w\000/\000D\000o\000c\000u\000m\000e\000n\000t\000s\000/\000A\000n\000d\000y\000/\000p\000r\000o\000g\000r\000a\000m\000m\000i\000n\000g\000/\000l\000i\000b\000g\000e\000n\000c\000u\000r\000v\000e\000f\000i\000t\000/\000s\000r\000c\000/\000m\000t\0001\0009\0009\0003\0007\000p\000.\000c\000\040\000F\000i\000l\000e\000\040\000R\000e\000f\000e\000r\000e\000n\000c\000e}{chapter.4}
\BOOKMARK [2][-]{subsection.4.4.1}{\376\377\000D\000e\000f\000i\000n\000e\000\040\000D\000o\000c\000u\000m\000e\000n\000t\000a\000t\000i\000o\000n}{section.4.4}
\BOOKMARK [3][-]{subsubsection.4.4.1.1}{\376\377\000L\000O\000W\000E\000R\000\137\000M\000A\000S\000K}{subsection.4.4.1}
\BOOKMARK [3][-]{subsubsection.4.4.1.2}{\376\377\000M}{subsection.4.4.1}
\BOOKMARK [3][-]{subsubsection.4.4.1.3}{\376\377\000M\000A\000T\000R\000I\000X\000\137\000A}{subsection.4.4.1}
\BOOKMARK [3][-]{subsubsection.4.4.1.4}{\376\377\000N}{subsection.4.4.1}
\BOOKMARK [3][-]{subsubsection.4.4.1.5}{\376\377\000T\000E\000M\000P\000E\000R\000I\000N\000G\000\137\000M\000A\000S\000K\000\137\000B}{subsection.4.4.1}
\BOOKMARK [3][-]{subsubsection.4.4.1.6}{\376\377\000T\000E\000M\000P\000E\000R\000I\000N\000G\000\137\000M\000A\000S\000K\000\137\000C}{subsection.4.4.1}
\BOOKMARK [3][-]{subsubsection.4.4.1.7}{\376\377\000T\000E\000M\000P\000E\000R\000I\000N\000G\000\137\000S\000H\000I\000F\000T\000\137\000L}{subsection.4.4.1}
\BOOKMARK [3][-]{subsubsection.4.4.1.8}{\376\377\000T\000E\000M\000P\000E\000R\000I\000N\000G\000\137\000S\000H\000I\000F\000T\000\137\000S}{subsection.4.4.1}
\BOOKMARK [3][-]{subsubsection.4.4.1.9}{\376\377\000T\000E\000M\000P\000E\000R\000I\000N\000G\000\137\000S\000H\000I\000F\000T\000\137\000T}{subsection.4.4.1}
\BOOKMARK [3][-]{subsubsection.4.4.1.10}{\376\377\000T\000E\000M\000P\000E\000R\000I\000N\000G\000\137\000S\000H\000I\000F\000T\000\137\000U}{subsection.4.4.1}
\BOOKMARK [3][-]{subsubsection.4.4.1.11}{\376\377\000U\000P\000P\000E\000R\000\137\000M\000A\000S\000K}{subsection.4.4.1}
\BOOKMARK [2][-]{subsection.4.4.2}{\376\377\000F\000u\000n\000c\000t\000i\000o\000n\000\040\000D\000o\000c\000u\000m\000e\000n\000t\000a\000t\000i\000o\000n}{section.4.4}
\BOOKMARK [3][-]{subsubsection.4.4.2.1}{\376\377\000g\000e\000n\000r\000a\000n\000d}{subsection.4.4.2}
\BOOKMARK [3][-]{subsubsection.4.4.2.2}{\376\377\000g\000e\000n\000r\000a\000n\000d\000\137\000i\000n\000t}{subsection.4.4.2}
\BOOKMARK [3][-]{subsubsection.4.4.2.3}{\376\377\000s\000g\000e\000n\000r\000a\000n\000d}{subsection.4.4.2}
\BOOKMARK [1][-]{section.4.5}{\376\377\000/\000U\000s\000e\000r\000s\000/\000a\000n\000d\000r\000e\000w\000/\000D\000o\000c\000u\000m\000e\000n\000t\000s\000/\000A\000n\000d\000y\000/\000p\000r\000o\000g\000r\000a\000m\000m\000i\000n\000g\000/\000l\000i\000b\000g\000e\000n\000c\000u\000r\000v\000e\000f\000i\000t\000/\000s\000r\000c\000/\000m\000t\0001\0009\0009\0003\0007\000p\000.\000h\000\040\000F\000i\000l\000e\000\040\000R\000e\000f\000e\000r\000e\000n\000c\000e}{chapter.4}
\BOOKMARK [2][-]{subsection.4.5.1}{\376\377\000D\000e\000f\000i\000n\000e\000\040\000D\000o\000c\000u\000m\000e\000n\000t\000a\000t\000i\000o\000n}{section.4.5}
\BOOKMARK [3][-]{subsubsection.4.5.1.1}{\376\377\000M\000A\000T\000R\000I\000X\000\137\000A}{subsection.4.5.1}
\BOOKMARK [3][-]{subsubsection.4.5.1.2}{\376\377\000N}{subsection.4.5.1}
\BOOKMARK [2][-]{subsection.4.5.2}{\376\377\000F\000u\000n\000c\000t\000i\000o\000n\000\040\000D\000o\000c\000u\000m\000e\000n\000t\000a\000t\000i\000o\000n}{section.4.5}
\BOOKMARK [3][-]{subsubsection.4.5.2.1}{\376\377\000g\000e\000n\000r\000a\000n\000d}{subsection.4.5.2}
\BOOKMARK [3][-]{subsubsection.4.5.2.2}{\376\377\000g\000e\000n\000r\000a\000n\000d\000\137\000i\000n\000t}{subsection.4.5.2}
\BOOKMARK [3][-]{subsubsection.4.5.2.3}{\376\377\000s\000g\000e\000n\000r\000a\000n\000d}{subsection.4.5.2}
